#
# A fatal error has been detected by the Java Runtime Environment:
#
#  Internal Error (javaClasses.cpp:136), pid=6044, tid=6080
#  fatal error: Invalid layout of preloaded class
#
# JRE version:  (7.0_51-b13) (build )
# Java VM: Java HotSpot(TM) 64-Bit Server VM (24.51-b03 mixed mode windows-amd64 compressed oops)
# Failed to write core dump. Minidumps are not enabled by default on client versions of Windows
#
# If you would like to submit a bug report, please visit:
#   http://bugreport.sun.com/bugreport/crash.jsp
#

---------------  T H R E A D  ---------------

Current thread (0x00000000026ce000):  JavaThread "Unknown thread" [_thread_in_vm, id=6080, stack(0x0000000002840000,0x0000000002940000)]

Stack: [0x0000000002840000,0x0000000002940000]

---------------  P R O C E S S  ---------------

Java Threads: ( => current thread )

Other Threads:

=>0x00000000026ce000 (exited) JavaThread "Unknown thread" [_thread_in_vm, id=6080, stack(0x0000000002840000,0x0000000002940000)]

VM state:not at safepoint (not fully initialized)

VM Mutex/Monitor currently owned by a thread: None

GC Heap History (0 events):
No events

Deoptimization events (0 events):
No events

Internal exceptions (0 events):
No events

Events (10 events):
Event: 0.017 loading class 0x000000000255cc70 done
Event: 0.017 loading class 0x000000000255c690 done
Event: 0.017 loading class 0x000000000255c670
Event: 0.017 loading class 0x0000000002564790
Event: 0.017 loading class 0x0000000002564790 done
Event: 0.017 loading class 0x00000000025647c0
Event: 0.017 loading class 0x00000000025647c0 done
Event: 0.017 loading class 0x00000000025647f0
Event: 0.017 loading class 0x00000000025647f0 done
Event: 0.017 loading class 0x000000000255c670 done


Dynamic libraries:
0x000000013fcc0000 - 0x000000013fcf3000 	C:\Program Files\Java\jdk1.7.0_51\bin\javaw.exe
0x0000000077c30000 - 0x0000000077dd9000 	C:\Windows\SYSTEM32\ntdll.dll
0x00000000776b0000 - 0x00000000777cf000 	C:\Windows\system32\kernel32.dll
0x000007fefe310000 - 0x000007fefe37b000 	C:\Windows\system32\KERNELBASE.dll
0x000007feffe50000 - 0x000007fefff2b000 	C:\Windows\system32\ADVAPI32.dll
0x000007feffad0000 - 0x000007feffb6f000 	C:\Windows\system32\msvcrt.dll
0x000007feffd50000 - 0x000007feffd6f000 	C:\Windows\SYSTEM32\sechost.dll
0x000007feff5e0000 - 0x000007feff70d000 	C:\Windows\system32\RPCRT4.dll
0x0000000077b30000 - 0x0000000077c2a000 	C:\Windows\system32\USER32.dll
0x000007fefe7e0000 - 0x000007fefe847000 	C:\Windows\system32\GDI32.dll
0x000007fefe650000 - 0x000007fefe65e000 	C:\Windows\system32\LPK.dll
0x000007fefe500000 - 0x000007fefe5c9000 	C:\Windows\system32\USP10.dll
0x000007fefca30000 - 0x000007fefcc24000 	C:\Windows\WinSxS\amd64_microsoft.windows.common-controls_6595b64144ccf1df_6.0.7601.17514_none_fa396087175ac9ac\COMCTL32.dll
0x000007fefe5d0000 - 0x000007fefe641000 	C:\Windows\system32\SHLWAPI.dll
0x000007fefe660000 - 0x000007fefe68e000 	C:\Windows\system32\IMM32.DLL
0x000007feff710000 - 0x000007feff819000 	C:\Windows\system32\MSCTF.dll
0x0000000064320000 - 0x00000000643f2000 	C:\Program Files\Java\jdk1.7.0_51\jre\bin\msvcr100.dll
0x000000006e650000 - 0x000000006ee19000 	C:\Program Files\Java\jdk1.7.0_51\jre\bin\server\jvm.dll
0x000007fefcc40000 - 0x000007fefcc49000 	C:\Windows\system32\WSOCK32.dll
0x000007fefe790000 - 0x000007fefe7dd000 	C:\Windows\system32\WS2_32.dll
0x000007fefff30000 - 0x000007fefff38000 	C:\Windows\system32\NSI.dll
0x000007fefc1b0000 - 0x000007fefc1eb000 	C:\Windows\system32\WINMM.dll
0x0000000077df0000 - 0x0000000077df7000 	C:\Windows\system32\PSAPI.DLL
0x0000000073b70000 - 0x0000000073b7f000 	C:\Program Files\Java\jdk1.7.0_51\jre\bin\verify.dll
0x00000000738c0000 - 0x00000000738e8000 	C:\Program Files\Java\jdk1.7.0_51\jre\bin\java.dll
0x0000000073940000 - 0x0000000073955000 	C:\Program Files\Java\jdk1.7.0_51\jre\bin\zip.dll

VM Arguments:
jvm_args: -Dfile.encoding=GBK -Xbootclasspath:E:\android\Android\adt-bundle-windows-x86_64-20131030\sdk\platforms\android-10\android.jar 
java_command: com.example.activity.lout
Launcher Type: SUN_STANDARD

Environment Variables:
JAVA_HOME=C:\Program Files\Java\jdk1.7.0_51
CLASSPATH=.;C:\Program Files\Java\jdk1.7.0_51\lib\dt.jar;C:\Program Files\Java\jdk1.7.0_51\lib\tools.jar
PATH=C:/Program Files/Java/jdk1.7.0_51/bin/../jre/bin/server;C:/Program Files/Java/jdk1.7.0_51/bin/../jre/bin;C:/Program Files/Java/jdk1.7.0_51/bin/../jre/lib/amd64;E:\android\Android\adt-bundle-windows-x86_64-20131030\sdk\tools;C:\Program Files (x86)\NVIDIA Corporation\PhysX\Common;C:\Program Files\Java\jdk1.7.0_51\bin;C:\Program Files\Java\jdk1.7.0_51\jre\bin;E:\android\Android\adt-bundle-windows-x86_64-20131030\sdk\platform-tools;C:\Program Files (x86)\AMD APP\bin\x86_64;C:\Program Files (x86)\AMD APP\bin\x86;C:\Windows\system32;C:\Windows;C:\Windows\system32\wbem;E:\android\Android\adt-bundle-windows-x86_64-20131030\eclipse;
USERNAME=Administrator
OS=Windows_NT
PROCESSOR_IDENTIFIER=AMD64 Family 21 Model 19 Stepping 1, AuthenticAMD



---------------  S Y S T E M  ---------------

OS: Windows 7 , 64 bit Build 7601 Service Pack 1

CPU:total 4 (4 cores per cpu, 1 threads per core) family 21 model 19 stepping 1, cmov, cx8, fxsr, mmx, sse, sse2, sse3, ssse3, sse4.1, sse4.2, popcnt, avx, aes, mmxext, 3dnowpref, lzcnt, sse4a, tsc, tscinvbit, tscinv

Memory: 4k page, physical 3361120k(992468k free), swap 6720376k(3350836k free)

vm_info: Java HotSpot(TM) 64-Bit Server VM (24.51-b03) for windows-amd64 JRE (1.7.0_51-b13), built on Dec 18 2013 18:40:56 by "java_re" with unknown MS VC++:1600

time: Fri Jul 11 17:00:50 2014
elapsed time: 0 seconds

